0 info it worked if it ends with ok
1 verbose cli [ 'C:\\Users\\adm\\Downloads\\node.js-html-1\\node.js-html-1\\node.exe',
1 verbose cli   'C:\\Users\\adm\\Downloads\\node.js-html-1\\node.js-html-1\\node_modules\\npm\\bin\\npm-cli.js',
1 verbose cli   'install',
1 verbose cli   'codesey' ]
2 info using npm@3.9.5
3 info using node@v6.2.2
4 silly loadCurrentTree Starting
5 silly install loadCurrentTree
6 silly install readLocalPackageData
7 silly fetchPackageMetaData codesey
8 silly fetchNamedPackageData codesey
9 silly mapToRegistry name codesey
10 silly mapToRegistry using default registry
11 silly mapToRegistry registry https://registry.npmjs.org/
12 silly mapToRegistry data Result {
12 silly mapToRegistry   raw: 'codesey',
12 silly mapToRegistry   scope: null,
12 silly mapToRegistry   name: 'codesey',
12 silly mapToRegistry   rawSpec: '',
12 silly mapToRegistry   spec: 'latest',
12 silly mapToRegistry   type: 'tag' }
13 silly mapToRegistry uri https://registry.npmjs.org/codesey
14 verbose request uri https://registry.npmjs.org/codesey
15 verbose request no auth needed
16 info attempt registry request try #1 at 02:32:12
17 verbose request id 322db8c0490306f6
18 http request GET https://registry.npmjs.org/codesey
19 info retry will retry, error on last attempt: Error: getaddrinfo ENOENT registry.npmjs.org:443
20 info attempt registry request try #2 at 02:32:22
21 http request GET https://registry.npmjs.org/codesey
22 info retry will retry, error on last attempt: Error: getaddrinfo ENOENT registry.npmjs.org:443
23 info attempt registry request try #3 at 02:33:22
24 http request GET https://registry.npmjs.org/codesey
25 http 404 https://registry.npmjs.org/codesey
26 verbose headers { 'content-type': 'application/json',
26 verbose headers   'cache-control': 'max-age=0',
26 verbose headers   'content-length': '2',
26 verbose headers   'accept-ranges': 'bytes',
26 verbose headers   date: 'Sun, 26 Feb 2017 07:33:27 GMT',
26 verbose headers   via: '1.1 varnish',
26 verbose headers   age: '0',
26 verbose headers   connection: 'keep-alive',
26 verbose headers   'x-served-by': 'cache-yul8925-YUL',
26 verbose headers   'x-cache': 'MISS',
26 verbose headers   'x-cache-hits': '0',
26 verbose headers   'x-timer': 'S1488094406.702880,VS0,VE450',
26 verbose headers   vary: 'Accept-Encoding' }
27 silly get cb [ 404,
27 silly get   { 'content-type': 'application/json',
27 silly get     'cache-control': 'max-age=0',
27 silly get     'content-length': '2',
27 silly get     'accept-ranges': 'bytes',
27 silly get     date: 'Sun, 26 Feb 2017 07:33:27 GMT',
27 silly get     via: '1.1 varnish',
27 silly get     age: '0',
27 silly get     connection: 'keep-alive',
27 silly get     'x-served-by': 'cache-yul8925-YUL',
27 silly get     'x-cache': 'MISS',
27 silly get     'x-cache-hits': '0',
27 silly get     'x-timer': 'S1488094406.702880,VS0,VE450',
27 silly get     vary: 'Accept-Encoding' } ]
28 silly fetchPackageMetaData Error: Registry returned 404 for GET on https://registry.npmjs.org/codesey
28 silly fetchPackageMetaData     at makeError (C:\Users\adm\Downloads\node.js-html-1\node.js-html-1\node_modules\npm\node_modules\npm-registry-client\lib\request.js:264:12)
28 silly fetchPackageMetaData     at CachingRegistryClient.<anonymous> (C:\Users\adm\Downloads\node.js-html-1\node.js-html-1\node_modules\npm\node_modules\npm-registry-client\lib\request.js:242:14)
28 silly fetchPackageMetaData     at Request._callback (C:\Users\adm\Downloads\node.js-html-1\node.js-html-1\node_modules\npm\node_modules\npm-registry-client\lib\request.js:172:14)
28 silly fetchPackageMetaData     at Request.self.callback (C:\Users\adm\Downloads\node.js-html-1\node.js-html-1\node_modules\npm\node_modules\request\request.js:200:22)
28 silly fetchPackageMetaData     at emitTwo (events.js:106:13)
28 silly fetchPackageMetaData     at Request.emit (events.js:191:7)
28 silly fetchPackageMetaData     at Request.<anonymous> (C:\Users\adm\Downloads\node.js-html-1\node.js-html-1\node_modules\npm\node_modules\request\request.js:1067:10)
28 silly fetchPackageMetaData     at emitOne (events.js:101:20)
28 silly fetchPackageMetaData     at Request.emit (events.js:188:7)
28 silly fetchPackageMetaData     at IncomingMessage.<anonymous> (C:\Users\adm\Downloads\node.js-html-1\node.js-html-1\node_modules\npm\node_modules\request\request.js:988:12)
28 silly fetchPackageMetaData  error for codesey { Error: Registry returned 404 for GET on https://registry.npmjs.org/codesey
28 silly fetchPackageMetaData     at makeError (C:\Users\adm\Downloads\node.js-html-1\node.js-html-1\node_modules\npm\node_modules\npm-registry-client\lib\request.js:264:12)
28 silly fetchPackageMetaData     at CachingRegistryClient.<anonymous> (C:\Users\adm\Downloads\node.js-html-1\node.js-html-1\node_modules\npm\node_modules\npm-registry-client\lib\request.js:242:14)
28 silly fetchPackageMetaData     at Request._callback (C:\Users\adm\Downloads\node.js-html-1\node.js-html-1\node_modules\npm\node_modules\npm-registry-client\lib\request.js:172:14)
28 silly fetchPackageMetaData     at Request.self.callback (C:\Users\adm\Downloads\node.js-html-1\node.js-html-1\node_modules\npm\node_modules\request\request.js:200:22)
28 silly fetchPackageMetaData     at emitTwo (events.js:106:13)
28 silly fetchPackageMetaData     at Request.emit (events.js:191:7)
28 silly fetchPackageMetaData     at Request.<anonymous> (C:\Users\adm\Downloads\node.js-html-1\node.js-html-1\node_modules\npm\node_modules\request\request.js:1067:10)
28 silly fetchPackageMetaData     at emitOne (events.js:101:20)
28 silly fetchPackageMetaData     at Request.emit (events.js:188:7)
28 silly fetchPackageMetaData     at IncomingMessage.<anonymous> (C:\Users\adm\Downloads\node.js-html-1\node.js-html-1\node_modules\npm\node_modules\request\request.js:988:12) pkgid: 'codesey', statusCode: 404, code: 'E404' }
29 silly rollbackFailedOptional Starting
30 silly rollbackFailedOptional Finishing
31 silly runTopLevelLifecycles Starting
32 silly runTopLevelLifecycles Finishing
33 silly install printInstalled
34 verbose stack Error: Registry returned 404 for GET on https://registry.npmjs.org/codesey
34 verbose stack     at makeError (C:\Users\adm\Downloads\node.js-html-1\node.js-html-1\node_modules\npm\node_modules\npm-registry-client\lib\request.js:264:12)
34 verbose stack     at CachingRegistryClient.<anonymous> (C:\Users\adm\Downloads\node.js-html-1\node.js-html-1\node_modules\npm\node_modules\npm-registry-client\lib\request.js:242:14)
34 verbose stack     at Request._callback (C:\Users\adm\Downloads\node.js-html-1\node.js-html-1\node_modules\npm\node_modules\npm-registry-client\lib\request.js:172:14)
34 verbose stack     at Request.self.callback (C:\Users\adm\Downloads\node.js-html-1\node.js-html-1\node_modules\npm\node_modules\request\request.js:200:22)
34 verbose stack     at emitTwo (events.js:106:13)
34 verbose stack     at Request.emit (events.js:191:7)
34 verbose stack     at Request.<anonymous> (C:\Users\adm\Downloads\node.js-html-1\node.js-html-1\node_modules\npm\node_modules\request\request.js:1067:10)
34 verbose stack     at emitOne (events.js:101:20)
34 verbose stack     at Request.emit (events.js:188:7)
34 verbose stack     at IncomingMessage.<anonymous> (C:\Users\adm\Downloads\node.js-html-1\node.js-html-1\node_modules\npm\node_modules\request\request.js:988:12)
35 verbose statusCode 404
36 verbose pkgid codesey
37 verbose cwd C:\Users\adm\Documents\GitHub\bitcoremgv\bitcoremgv\codes
38 error Windows_NT 10.0.14393
39 error argv "C:\\Users\\adm\\Downloads\\node.js-html-1\\node.js-html-1\\node.exe" "C:\\Users\\adm\\Downloads\\node.js-html-1\\node.js-html-1\\node_modules\\npm\\bin\\npm-cli.js" "install" "codesey"
40 error node v6.2.2
41 error npm  v3.9.5
42 error code E404
43 error 404 Registry returned 404 for GET on https://registry.npmjs.org/codesey
44 error 404
45 error 404 'codesey' is not in the npm registry.
46 error 404 You should bug the author to publish it (or use the name yourself!)
47 error 404 Note that you can also install from a
48 error 404 tarball, folder, http url, or git url.
49 verbose exit [ 1, true ]
